0 info it worked if it ends with ok
1 verbose cli [ '/usr/bin/nodejs', '/usr/bin/npm', 'run', 'build' ]
2 info using npm@1.4.21
3 info using node@v0.10.25
4 verbose run-script [ 'prebuild', 'build', 'postbuild' ]
5 info prebuild CellMaps@1.0.4
6 info build CellMaps@1.0.4
7 verbose unsafe-perm in lifecycle true
8 info CellMaps@1.0.4 Failed to exec build script
9 error CellMaps@1.0.4 build: `./build.sh`
9 error Exit status 2
10 error Failed at the CellMaps@1.0.4 build script.
10 error This is most likely a problem with the CellMaps package,
10 error not with npm itself.
10 error Tell the author that this fails on your system:
10 error     ./build.sh
10 error You can get their info via:
10 error     npm owner ls CellMaps
10 error There is likely additional logging output above.
11 error System Linux 3.19.0-10-generic
12 error command "/usr/bin/nodejs" "/usr/bin/npm" "run" "build"
13 error cwd /home/fsalavert/appl/cell-maps
14 error node -v v0.10.25
15 error npm -v 1.4.21
16 error code ELIFECYCLE
17 verbose exit [ 1, true ]
